2019-01-08 20:32:14.067  INFO 8424 --- [main] c.E.d.HelloWorldSpringBootApplication    : Starting HelloWorldSpringBootApplication on shubhamgo with PID 8424 (D:\Workspace\ApplicationELKDemo\target\classes started by shubhamgo in D:\Workspace\ApplicationELKDemo)
2019-01-08 20:32:14.073  INFO 8424 --- [main] c.E.d.HelloWorldSpringBootApplication    : No active profile set, falling back to default profiles: default
2019-01-08 20:32:14.497  INFO 8424 --- [main] ationConfigEmbeddedWebApplicationContext : Refreshing org.springframework.boot.context.embedded.AnnotationConfigEmbeddedWebApplicationContext@7f77e91b: startup date [Tue Jan 08 20:32:14 IST 2019]; root of context hierarchy
2019-01-08 20:32:24.715  INFO 8424 --- [main] s.b.c.e.t.TomcatEmbeddedServletContainer : Tomcat initialized with port(s): 8080 (http)
2019-01-08 20:32:24.780  INFO 8424 --- [main] o.apache.catalina.core.StandardService   : Starting service [Tomcat]
2019-01-08 20:32:24.830  INFO 8424 --- [main] org.apache.catalina.core.StandardEngine  : Starting Servlet Engine: Apache Tomcat/8.5.16
2019-01-08 20:32:26.925  INFO 8424 --- [localhost-startStop-1] o.a.c.c.C.[Tomcat].[localhost].[/]       : Initializing Spring embedded WebApplicationContext
2019-01-08 20:32:26.958  INFO 8424 --- [localhost-startStop-1] o.s.web.context.ContextLoader            : Root WebApplicationContext: initialization completed in 12507 ms
2019-01-08 20:32:27.513  INFO 8424 --- [localhost-startStop-1] o.s.b.w.servlet.ServletRegistrationBean  : Mapping servlet: 'dispatcherServlet' to [/]
2019-01-08 20:32:27.522  INFO 8424 --- [localhost-startStop-1] o.s.b.w.servlet.FilterRegistrationBean   : Mapping filter: 'characterEncodingFilter' to: [/*]
2019-01-08 20:32:27.524  INFO 8424 --- [localhost-startStop-1] o.s.b.w.servlet.FilterRegistrationBean   : Mapping filter: 'hiddenHttpMethodFilter' to: [/*]
2019-01-08 20:32:27.524  INFO 8424 --- [localhost-startStop-1] o.s.b.w.servlet.FilterRegistrationBean   : Mapping filter: 'httpPutFormContentFilter' to: [/*]
2019-01-08 20:32:27.524  INFO 8424 --- [localhost-startStop-1] o.s.b.w.servlet.FilterRegistrationBean   : Mapping filter: 'requestContextFilter' to: [/*]
2019-01-08 20:32:28.588  INFO 8424 --- [main] s.w.s.m.m.a.RequestMappingHandlerAdapter : Looking for @ControllerAdvice: org.springframework.boot.context.embedded.AnnotationConfigEmbeddedWebApplicationContext@7f77e91b: startup date [Tue Jan 08 20:32:14 IST 2019]; root of context hierarchy
2019-01-08 20:32:28.774  INFO 8424 --- [main] s.w.s.m.m.a.RequestMappingHandlerMapping : Mapped "{[/exception]}" onto public java.lang.String com.Elk.demo.ELKController.exception()
2019-01-08 20:32:28.780  INFO 8424 --- [main] s.w.s.m.m.a.RequestMappingHandlerMapping : Mapped "{[/elk]}" onto public java.lang.String com.Elk.demo.ELKController.helloWorld()
2019-01-08 20:32:28.787  INFO 8424 --- [main] s.w.s.m.m.a.RequestMappingHandlerMapping : Mapped "{[/error]}" onto public org.springframework.http.ResponseEntity<java.util.Map<java.lang.String, java.lang.Object>> org.springframework.boot.autoconfigure.web.BasicErrorController.error(javax.servlet.http.HttpServletRequest)
2019-01-08 20:32:28.789  INFO 8424 --- [main] s.w.s.m.m.a.RequestMappingHandlerMapping : Mapped "{[/error],produces=[text/html]}" onto public org.springframework.web.servlet.ModelAndView org.springframework.boot.autoconfigure.web.BasicErrorController.errorHtml(javax.servlet.http.HttpServletRequest,javax.servlet.http.HttpServletResponse)
2019-01-08 20:32:28.909  INFO 8424 --- [main] o.s.w.s.handler.SimpleUrlHandlerMapping  : Mapped URL path [/webjars/**] onto handler of type [class org.springframework.web.servlet.resource.ResourceHttpRequestHandler]
2019-01-08 20:32:28.917  INFO 8424 --- [main] o.s.w.s.handler.SimpleUrlHandlerMapping  : Mapped URL path [/**] onto handler of type [class org.springframework.web.servlet.resource.ResourceHttpRequestHandler]
2019-01-08 20:32:29.034  INFO 8424 --- [main] o.s.w.s.handler.SimpleUrlHandlerMapping  : Mapped URL path [/**/favicon.ico] onto handler of type [class org.springframework.web.servlet.resource.ResourceHttpRequestHandler]
2019-01-08 20:32:30.050  INFO 8424 --- [main] o.s.j.e.a.AnnotationMBeanExporter        : Registering beans for JMX exposure on startup
2019-01-08 20:32:30.165 ERROR 8424 --- [main] o.a.coyote.http11.Http11NioProtocol      : Failed to start end point associated with ProtocolHandler ["http-nio-8080"]

java.net.BindException: Address already in use: bind
	at sun.nio.ch.Net.bind0(Native Method) ~[na:1.8.0]
	at sun.nio.ch.Net.bind(Unknown Source) ~[na:1.8.0]
	at sun.nio.ch.Net.bind(Unknown Source) ~[na:1.8.0]
	at sun.nio.ch.ServerSocketChannelImpl.bind(Unknown Source) ~[na:1.8.0]
	at sun.nio.ch.ServerSocketAdaptor.bind(Unknown Source) ~[na:1.8.0]
	at org.apache.tomcat.util.net.NioEndpoint.bind(NioEndpoint.java:210) ~[tomcat-embed-core-8.5.16.jar:8.5.16]
	at org.apache.tomcat.util.net.AbstractEndpoint.start(AbstractEndpoint.java:990) ~[tomcat-embed-core-8.5.16.jar:8.5.16]
	at org.apache.coyote.AbstractProtocol.start(AbstractProtocol.java:635) ~[tomcat-embed-core-8.5.16.jar:8.5.16]
	at org.apache.catalina.connector.Connector.startInternal(Connector.java:1022) [tomcat-embed-core-8.5.16.jar:8.5.16]
	at org.apache.catalina.util.LifecycleBase.start(LifecycleBase.java:150) [tomcat-embed-core-8.5.16.jar:8.5.16]
	at org.apache.catalina.core.StandardService.addConnector(StandardService.java:225) [tomcat-embed-core-8.5.16.jar:8.5.16]
	at org.springframework.boot.context.embedded.tomcat.TomcatEmbeddedServletContainer.addPreviouslyRemovedConnectors(TomcatEmbeddedServletContainer.java:250) [spring-boot-1.5.6.RELEASE.jar:1.5.6.RELEASE]
	at org.springframework.boot.context.embedded.tomcat.TomcatEmbeddedServletContainer.start(TomcatEmbeddedServletContainer.java:193) [spring-boot-1.5.6.RELEASE.jar:1.5.6.RELEASE]
	at org.springframework.boot.context.embedded.EmbeddedWebApplicationContext.startEmbeddedServletContainer(EmbeddedWebApplicationContext.java:297) [spring-boot-1.5.6.RELEASE.jar:1.5.6.RELEASE]
	at org.springframework.boot.context.embedded.EmbeddedWebApplicationContext.finishRefresh(EmbeddedWebApplicationContext.java:145) [spring-boot-1.5.6.RELEASE.jar:1.5.6.RELEASE]
	at org.springframework.context.support.AbstractApplicationContext.refresh(AbstractApplicationContext.java:546) [spring-context-4.3.10.RELEASE.jar:4.3.10.RELEASE]
	at org.springframework.boot.context.embedded.EmbeddedWebApplicationContext.refresh(EmbeddedWebApplicationContext.java:122) [spring-boot-1.5.6.RELEASE.jar:1.5.6.RELEASE]
	at org.springframework.boot.SpringApplication.refresh(SpringApplication.java:693) [spring-boot-1.5.6.RELEASE.jar:1.5.6.RELEASE]
	at org.springframework.boot.SpringApplication.refreshContext(SpringApplication.java:360) [spring-boot-1.5.6.RELEASE.jar:1.5.6.RELEASE]
	at org.springframework.boot.SpringApplication.run(SpringApplication.java:303) [spring-boot-1.5.6.RELEASE.jar:1.5.6.RELEASE]
	at org.springframework.boot.SpringApplication.run(SpringApplication.java:1118) [spring-boot-1.5.6.RELEASE.jar:1.5.6.RELEASE]
	at org.springframework.boot.SpringApplication.run(SpringApplication.java:1107) [spring-boot-1.5.6.RELEASE.jar:1.5.6.RELEASE]
	at com.Elk.demo.HelloWorldSpringBootApplication.main(HelloWorldSpringBootApplication.java:10) [classes/:na]

2019-01-08 20:32:30.168 ERROR 8424 --- [main] o.apache.catalina.core.StandardService   : Failed to start connector [Connector[HTTP/1.1-8080]]

org.apache.catalina.LifecycleException: Failed to start component [Connector[HTTP/1.1-8080]]
	at org.apache.catalina.util.LifecycleBase.start(LifecycleBase.java:167) ~[tomcat-embed-core-8.5.16.jar:8.5.16]
	at org.apache.catalina.core.StandardService.addConnector(StandardService.java:225) ~[tomcat-embed-core-8.5.16.jar:8.5.16]
	at org.springframework.boot.context.embedded.tomcat.TomcatEmbeddedServletContainer.addPreviouslyRemovedConnectors(TomcatEmbeddedServletContainer.java:250) [spring-boot-1.5.6.RELEASE.jar:1.5.6.RELEASE]
	at org.springframework.boot.context.embedded.tomcat.TomcatEmbeddedServletContainer.start(TomcatEmbeddedServletContainer.java:193) [spring-boot-1.5.6.RELEASE.jar:1.5.6.RELEASE]
	at org.springframework.boot.context.embedded.EmbeddedWebApplicationContext.startEmbeddedServletContainer(EmbeddedWebApplicationContext.java:297) [spring-boot-1.5.6.RELEASE.jar:1.5.6.RELEASE]
	at org.springframework.boot.context.embedded.EmbeddedWebApplicationContext.finishRefresh(EmbeddedWebApplicationContext.java:145) [spring-boot-1.5.6.RELEASE.jar:1.5.6.RELEASE]
	at org.springframework.context.support.AbstractApplicationContext.refresh(AbstractApplicationContext.java:546) [spring-context-4.3.10.RELEASE.jar:4.3.10.RELEASE]
	at org.springframework.boot.context.embedded.EmbeddedWebApplicationContext.refresh(EmbeddedWebApplicationContext.java:122) [spring-boot-1.5.6.RELEASE.jar:1.5.6.RELEASE]
	at org.springframework.boot.SpringApplication.refresh(SpringApplication.java:693) [spring-boot-1.5.6.RELEASE.jar:1.5.6.RELEASE]
	at org.springframework.boot.SpringApplication.refreshContext(SpringApplication.java:360) [spring-boot-1.5.6.RELEASE.jar:1.5.6.RELEASE]
	at org.springframework.boot.SpringApplication.run(SpringApplication.java:303) [spring-boot-1.5.6.RELEASE.jar:1.5.6.RELEASE]
	at org.springframework.boot.SpringApplication.run(SpringApplication.java:1118) [spring-boot-1.5.6.RELEASE.jar:1.5.6.RELEASE]
	at org.springframework.boot.SpringApplication.run(SpringApplication.java:1107) [spring-boot-1.5.6.RELEASE.jar:1.5.6.RELEASE]
	at com.Elk.demo.HelloWorldSpringBootApplication.main(HelloWorldSpringBootApplication.java:10) [classes/:na]
Caused by: org.apache.catalina.LifecycleException: service.getName(): "Tomcat";  Protocol handler start failed
	at org.apache.catalina.connector.Connector.startInternal(Connector.java:1029) ~[tomcat-embed-core-8.5.16.jar:8.5.16]
	at org.apache.catalina.util.LifecycleBase.start(LifecycleBase.java:150) ~[tomcat-embed-core-8.5.16.jar:8.5.16]
	... 13 common frames omitted
Caused by: java.net.BindException: Address already in use: bind
	at sun.nio.ch.Net.bind0(Native Method) ~[na:1.8.0]
	at sun.nio.ch.Net.bind(Unknown Source) ~[na:1.8.0]
	at sun.nio.ch.Net.bind(Unknown Source) ~[na:1.8.0]
	at sun.nio.ch.ServerSocketChannelImpl.bind(Unknown Source) ~[na:1.8.0]
	at sun.nio.ch.ServerSocketAdaptor.bind(Unknown Source) ~[na:1.8.0]
	at org.apache.tomcat.util.net.NioEndpoint.bind(NioEndpoint.java:210) ~[tomcat-embed-core-8.5.16.jar:8.5.16]
	at org.apache.tomcat.util.net.AbstractEndpoint.start(AbstractEndpoint.java:990) ~[tomcat-embed-core-8.5.16.jar:8.5.16]
	at org.apache.coyote.AbstractProtocol.start(AbstractProtocol.java:635) ~[tomcat-embed-core-8.5.16.jar:8.5.16]
	at org.apache.catalina.connector.Connector.startInternal(Connector.java:1022) ~[tomcat-embed-core-8.5.16.jar:8.5.16]
	... 14 common frames omitted

2019-01-08 20:32:30.206  INFO 8424 --- [main] o.apache.catalina.core.StandardService   : Stopping service [Tomcat]
2019-01-08 20:32:30.249  INFO 8424 --- [main] utoConfigurationReportLoggingInitializer : 

Error starting ApplicationContext. To display the auto-configuration report re-run your application with 'debug' enabled.
2019-01-08 20:32:30.254 ERROR 8424 --- [main] o.s.b.d.LoggingFailureAnalysisReporter   : 

***************************
APPLICATION FAILED TO START
***************************

Description:

The Tomcat connector configured to listen on port 8080 failed to start. The port may already be in use or the connector may be misconfigured.

Action:

Verify the connector's configuration, identify and stop any process that's listening on port 8080, or configure this application to listen on another port.

2019-01-08 20:32:30.256  INFO 8424 --- [main] ationConfigEmbeddedWebApplicationContext : Closing org.springframework.boot.context.embedded.AnnotationConfigEmbeddedWebApplicationContext@7f77e91b: startup date [Tue Jan 08 20:32:14 IST 2019]; root of context hierarchy
2019-01-08 20:32:30.258  INFO 8424 --- [main] o.s.j.e.a.AnnotationMBeanExporter        : Unregistering JMX-exposed beans on shutdown
2019-01-08 20:34:35.164  INFO 5456 --- [main] c.E.d.HelloWorldSpringBootApplication    : Starting HelloWorldSpringBootApplication on shubhamgo with PID 5456 (D:\Workspace\ApplicationELKDemo\target\classes started by shubhamgo in D:\Workspace\ApplicationELKDemo)
2019-01-08 20:34:35.171  INFO 5456 --- [main] c.E.d.HelloWorldSpringBootApplication    : No active profile set, falling back to default profiles: default
2019-01-08 20:34:35.312  INFO 5456 --- [main] ationConfigEmbeddedWebApplicationContext : Refreshing org.springframework.boot.context.embedded.AnnotationConfigEmbeddedWebApplicationContext@7f77e91b: startup date [Tue Jan 08 20:34:35 IST 2019]; root of context hierarchy
2019-01-08 20:34:39.178  INFO 5456 --- [main] s.b.c.e.t.TomcatEmbeddedServletContainer : Tomcat initialized with port(s): 8080 (http)
2019-01-08 20:34:39.218  INFO 5456 --- [main] o.apache.catalina.core.StandardService   : Starting service [Tomcat]
2019-01-08 20:34:39.221  INFO 5456 --- [main] org.apache.catalina.core.StandardEngine  : Starting Servlet Engine: Apache Tomcat/8.5.16
2019-01-08 20:34:39.588  INFO 5456 --- [localhost-startStop-1] o.a.c.c.C.[Tomcat].[localhost].[/]       : Initializing Spring embedded WebApplicationContext
2019-01-08 20:34:39.588  INFO 5456 --- [localhost-startStop-1] o.s.web.context.ContextLoader            : Root WebApplicationContext: initialization completed in 4283 ms
2019-01-08 20:34:39.949  INFO 5456 --- [localhost-startStop-1] o.s.b.w.servlet.ServletRegistrationBean  : Mapping servlet: 'dispatcherServlet' to [/]
2019-01-08 20:34:39.967  INFO 5456 --- [localhost-startStop-1] o.s.b.w.servlet.FilterRegistrationBean   : Mapping filter: 'characterEncodingFilter' to: [/*]
2019-01-08 20:34:39.968  INFO 5456 --- [localhost-startStop-1] o.s.b.w.servlet.FilterRegistrationBean   : Mapping filter: 'hiddenHttpMethodFilter' to: [/*]
2019-01-08 20:34:39.969  INFO 5456 --- [localhost-startStop-1] o.s.b.w.servlet.FilterRegistrationBean   : Mapping filter: 'httpPutFormContentFilter' to: [/*]
2019-01-08 20:34:39.969  INFO 5456 --- [localhost-startStop-1] o.s.b.w.servlet.FilterRegistrationBean   : Mapping filter: 'requestContextFilter' to: [/*]
2019-01-08 20:34:41.198  INFO 5456 --- [main] s.w.s.m.m.a.RequestMappingHandlerAdapter : Looking for @ControllerAdvice: org.springframework.boot.context.embedded.AnnotationConfigEmbeddedWebApplicationContext@7f77e91b: startup date [Tue Jan 08 20:34:35 IST 2019]; root of context hierarchy
2019-01-08 20:34:41.349  INFO 5456 --- [main] s.w.s.m.m.a.RequestMappingHandlerMapping : Mapped "{[/exception]}" onto public java.lang.String com.Elk.demo.ELKController.exception()
2019-01-08 20:34:41.372  INFO 5456 --- [main] s.w.s.m.m.a.RequestMappingHandlerMapping : Mapped "{[/elk]}" onto public java.lang.String com.Elk.demo.ELKController.helloWorld()
2019-01-08 20:34:41.383  INFO 5456 --- [main] s.w.s.m.m.a.RequestMappingHandlerMapping : Mapped "{[/error]}" onto public org.springframework.http.ResponseEntity<java.util.Map<java.lang.String, java.lang.Object>> org.springframework.boot.autoconfigure.web.BasicErrorController.error(javax.servlet.http.HttpServletRequest)
2019-01-08 20:34:41.385  INFO 5456 --- [main] s.w.s.m.m.a.RequestMappingHandlerMapping : Mapped "{[/error],produces=[text/html]}" onto public org.springframework.web.servlet.ModelAndView org.springframework.boot.autoconfigure.web.BasicErrorController.errorHtml(javax.servlet.http.HttpServletRequest,javax.servlet.http.HttpServletResponse)
2019-01-08 20:34:41.450  INFO 5456 --- [main] o.s.w.s.handler.SimpleUrlHandlerMapping  : Mapped URL path [/webjars/**] onto handler of type [class org.springframework.web.servlet.resource.ResourceHttpRequestHandler]
2019-01-08 20:34:41.451  INFO 5456 --- [main] o.s.w.s.handler.SimpleUrlHandlerMapping  : Mapped URL path [/**] onto handler of type [class org.springframework.web.servlet.resource.ResourceHttpRequestHandler]
2019-01-08 20:34:41.556  INFO 5456 --- [main] o.s.w.s.handler.SimpleUrlHandlerMapping  : Mapped URL path [/**/favicon.ico] onto handler of type [class org.springframework.web.servlet.resource.ResourceHttpRequestHandler]
2019-01-08 20:34:42.247  INFO 5456 --- [main] o.s.j.e.a.AnnotationMBeanExporter        : Registering beans for JMX exposure on startup
2019-01-08 20:34:42.327 ERROR 5456 --- [main] o.a.coyote.http11.Http11NioProtocol      : Failed to start end point associated with ProtocolHandler ["http-nio-8080"]

java.net.BindException: Address already in use: bind
	at sun.nio.ch.Net.bind0(Native Method) ~[na:1.8.0]
	at sun.nio.ch.Net.bind(Unknown Source) ~[na:1.8.0]
	at sun.nio.ch.Net.bind(Unknown Source) ~[na:1.8.0]
	at sun.nio.ch.ServerSocketChannelImpl.bind(Unknown Source) ~[na:1.8.0]
	at sun.nio.ch.ServerSocketAdaptor.bind(Unknown Source) ~[na:1.8.0]
	at org.apache.tomcat.util.net.NioEndpoint.bind(NioEndpoint.java:210) ~[tomcat-embed-core-8.5.16.jar:8.5.16]
	at org.apache.tomcat.util.net.AbstractEndpoint.start(AbstractEndpoint.java:990) ~[tomcat-embed-core-8.5.16.jar:8.5.16]
	at org.apache.coyote.AbstractProtocol.start(AbstractProtocol.java:635) ~[tomcat-embed-core-8.5.16.jar:8.5.16]
	at org.apache.catalina.connector.Connector.startInternal(Connector.java:1022) [tomcat-embed-core-8.5.16.jar:8.5.16]
	at org.apache.catalina.util.LifecycleBase.start(LifecycleBase.java:150) [tomcat-embed-core-8.5.16.jar:8.5.16]
	at org.apache.catalina.core.StandardService.addConnector(StandardService.java:225) [tomcat-embed-core-8.5.16.jar:8.5.16]
	at org.springframework.boot.context.embedded.tomcat.TomcatEmbeddedServletContainer.addPreviouslyRemovedConnectors(TomcatEmbeddedServletContainer.java:250) [spring-boot-1.5.6.RELEASE.jar:1.5.6.RELEASE]
	at org.springframework.boot.context.embedded.tomcat.TomcatEmbeddedServletContainer.start(TomcatEmbeddedServletContainer.java:193) [spring-boot-1.5.6.RELEASE.jar:1.5.6.RELEASE]
	at org.springframework.boot.context.embedded.EmbeddedWebApplicationContext.startEmbeddedServletContainer(EmbeddedWebApplicationContext.java:297) [spring-boot-1.5.6.RELEASE.jar:1.5.6.RELEASE]
	at org.springframework.boot.context.embedded.EmbeddedWebApplicationContext.finishRefresh(EmbeddedWebApplicationContext.java:145) [spring-boot-1.5.6.RELEASE.jar:1.5.6.RELEASE]
	at org.springframework.context.support.AbstractApplicationContext.refresh(AbstractApplicationContext.java:546) [spring-context-4.3.10.RELEASE.jar:4.3.10.RELEASE]
	at org.springframework.boot.context.embedded.EmbeddedWebApplicationContext.refresh(EmbeddedWebApplicationContext.java:122) [spring-boot-1.5.6.RELEASE.jar:1.5.6.RELEASE]
	at org.springframework.boot.SpringApplication.refresh(SpringApplication.java:693) [spring-boot-1.5.6.RELEASE.jar:1.5.6.RELEASE]
	at org.springframework.boot.SpringApplication.refreshContext(SpringApplication.java:360) [spring-boot-1.5.6.RELEASE.jar:1.5.6.RELEASE]
	at org.springframework.boot.SpringApplication.run(SpringApplication.java:303) [spring-boot-1.5.6.RELEASE.jar:1.5.6.RELEASE]
	at org.springframework.boot.SpringApplication.run(SpringApplication.java:1118) [spring-boot-1.5.6.RELEASE.jar:1.5.6.RELEASE]
	at org.springframework.boot.SpringApplication.run(SpringApplication.java:1107) [spring-boot-1.5.6.RELEASE.jar:1.5.6.RELEASE]
	at com.Elk.demo.HelloWorldSpringBootApplication.main(HelloWorldSpringBootApplication.java:10) [classes/:na]

2019-01-08 20:34:42.335 ERROR 5456 --- [main] o.apache.catalina.core.StandardService   : Failed to start connector [Connector[HTTP/1.1-8080]]

org.apache.catalina.LifecycleException: Failed to start component [Connector[HTTP/1.1-8080]]
	at org.apache.catalina.util.LifecycleBase.start(LifecycleBase.java:167) ~[tomcat-embed-core-8.5.16.jar:8.5.16]
	at org.apache.catalina.core.StandardService.addConnector(StandardService.java:225) ~[tomcat-embed-core-8.5.16.jar:8.5.16]
	at org.springframework.boot.context.embedded.tomcat.TomcatEmbeddedServletContainer.addPreviouslyRemovedConnectors(TomcatEmbeddedServletContainer.java:250) [spring-boot-1.5.6.RELEASE.jar:1.5.6.RELEASE]
	at org.springframework.boot.context.embedded.tomcat.TomcatEmbeddedServletContainer.start(TomcatEmbeddedServletContainer.java:193) [spring-boot-1.5.6.RELEASE.jar:1.5.6.RELEASE]
	at org.springframework.boot.context.embedded.EmbeddedWebApplicationContext.startEmbeddedServletContainer(EmbeddedWebApplicationContext.java:297) [spring-boot-1.5.6.RELEASE.jar:1.5.6.RELEASE]
	at org.springframework.boot.context.embedded.EmbeddedWebApplicationContext.finishRefresh(EmbeddedWebApplicationContext.java:145) [spring-boot-1.5.6.RELEASE.jar:1.5.6.RELEASE]
	at org.springframework.context.support.AbstractApplicationContext.refresh(AbstractApplicationContext.java:546) [spring-context-4.3.10.RELEASE.jar:4.3.10.RELEASE]
	at org.springframework.boot.context.embedded.EmbeddedWebApplicationContext.refresh(EmbeddedWebApplicationContext.java:122) [spring-boot-1.5.6.RELEASE.jar:1.5.6.RELEASE]
	at org.springframework.boot.SpringApplication.refresh(SpringApplication.java:693) [spring-boot-1.5.6.RELEASE.jar:1.5.6.RELEASE]
	at org.springframework.boot.SpringApplication.refreshContext(SpringApplication.java:360) [spring-boot-1.5.6.RELEASE.jar:1.5.6.RELEASE]
	at org.springframework.boot.SpringApplication.run(SpringApplication.java:303) [spring-boot-1.5.6.RELEASE.jar:1.5.6.RELEASE]
	at org.springframework.boot.SpringApplication.run(SpringApplication.java:1118) [spring-boot-1.5.6.RELEASE.jar:1.5.6.RELEASE]
	at org.springframework.boot.SpringApplication.run(SpringApplication.java:1107) [spring-boot-1.5.6.RELEASE.jar:1.5.6.RELEASE]
	at com.Elk.demo.HelloWorldSpringBootApplication.main(HelloWorldSpringBootApplication.java:10) [classes/:na]
Caused by: org.apache.catalina.LifecycleException: service.getName(): "Tomcat";  Protocol handler start failed
	at org.apache.catalina.connector.Connector.startInternal(Connector.java:1029) ~[tomcat-embed-core-8.5.16.jar:8.5.16]
	at org.apache.catalina.util.LifecycleBase.start(LifecycleBase.java:150) ~[tomcat-embed-core-8.5.16.jar:8.5.16]
	... 13 common frames omitted
Caused by: java.net.BindException: Address already in use: bind
	at sun.nio.ch.Net.bind0(Native Method) ~[na:1.8.0]
	at sun.nio.ch.Net.bind(Unknown Source) ~[na:1.8.0]
	at sun.nio.ch.Net.bind(Unknown Source) ~[na:1.8.0]
	at sun.nio.ch.ServerSocketChannelImpl.bind(Unknown Source) ~[na:1.8.0]
	at sun.nio.ch.ServerSocketAdaptor.bind(Unknown Source) ~[na:1.8.0]
	at org.apache.tomcat.util.net.NioEndpoint.bind(NioEndpoint.java:210) ~[tomcat-embed-core-8.5.16.jar:8.5.16]
	at org.apache.tomcat.util.net.AbstractEndpoint.start(AbstractEndpoint.java:990) ~[tomcat-embed-core-8.5.16.jar:8.5.16]
	at org.apache.coyote.AbstractProtocol.start(AbstractProtocol.java:635) ~[tomcat-embed-core-8.5.16.jar:8.5.16]
	at org.apache.catalina.connector.Connector.startInternal(Connector.java:1022) ~[tomcat-embed-core-8.5.16.jar:8.5.16]
	... 14 common frames omitted

2019-01-08 20:34:42.353  INFO 5456 --- [main] o.apache.catalina.core.StandardService   : Stopping service [Tomcat]
2019-01-08 20:34:42.449  INFO 5456 --- [main] utoConfigurationReportLoggingInitializer : 

Error starting ApplicationContext. To display the auto-configuration report re-run your application with 'debug' enabled.
2019-01-08 20:34:42.455 ERROR 5456 --- [main] o.s.b.d.LoggingFailureAnalysisReporter   : 

***************************
APPLICATION FAILED TO START
***************************

Description:

The Tomcat connector configured to listen on port 8080 failed to start. The port may already be in use or the connector may be misconfigured.

Action:

Verify the connector's configuration, identify and stop any process that's listening on port 8080, or configure this application to listen on another port.

2019-01-08 20:34:42.457  INFO 5456 --- [main] ationConfigEmbeddedWebApplicationContext : Closing org.springframework.boot.context.embedded.AnnotationConfigEmbeddedWebApplicationContext@7f77e91b: startup date [Tue Jan 08 20:34:35 IST 2019]; root of context hierarchy
2019-01-08 20:34:42.460  INFO 5456 --- [main] o.s.j.e.a.AnnotationMBeanExporter        : Unregistering JMX-exposed beans on shutdown
2019-01-08 20:48:15.413  INFO 6772 --- [main] c.E.d.HelloWorldSpringBootApplication    : Starting HelloWorldSpringBootApplication on shubhamgo with PID 6772 (D:\Workspace\ApplicationELKDemo\target\classes started by shubhamgo in D:\Workspace\ApplicationELKDemo)
2019-01-08 20:48:15.420  INFO 6772 --- [main] c.E.d.HelloWorldSpringBootApplication    : No active profile set, falling back to default profiles: default
2019-01-08 20:48:15.582  INFO 6772 --- [main] ationConfigEmbeddedWebApplicationContext : Refreshing org.springframework.boot.context.embedded.AnnotationConfigEmbeddedWebApplicationContext@7f77e91b: startup date [Tue Jan 08 20:48:15 IST 2019]; root of context hierarchy
2019-01-08 20:48:22.014  INFO 6772 --- [main] s.b.c.e.t.TomcatEmbeddedServletContainer : Tomcat initialized with port(s): 4546 (http)
2019-01-08 20:48:22.052  INFO 6772 --- [main] o.apache.catalina.core.StandardService   : Starting service [Tomcat]
2019-01-08 20:48:22.054  INFO 6772 --- [main] org.apache.catalina.core.StandardEngine  : Starting Servlet Engine: Apache Tomcat/8.5.16
2019-01-08 20:48:22.387  INFO 6772 --- [localhost-startStop-1] o.a.c.c.C.[Tomcat].[localhost].[/]       : Initializing Spring embedded WebApplicationContext
2019-01-08 20:48:22.387  INFO 6772 --- [localhost-startStop-1] o.s.web.context.ContextLoader            : Root WebApplicationContext: initialization completed in 6820 ms
2019-01-08 20:48:22.863  INFO 6772 --- [localhost-startStop-1] o.s.b.w.servlet.ServletRegistrationBean  : Mapping servlet: 'dispatcherServlet' to [/]
2019-01-08 20:48:22.876  INFO 6772 --- [localhost-startStop-1] o.s.b.w.servlet.FilterRegistrationBean   : Mapping filter: 'characterEncodingFilter' to: [/*]
2019-01-08 20:48:22.877  INFO 6772 --- [localhost-startStop-1] o.s.b.w.servlet.FilterRegistrationBean   : Mapping filter: 'hiddenHttpMethodFilter' to: [/*]
2019-01-08 20:48:22.877  INFO 6772 --- [localhost-startStop-1] o.s.b.w.servlet.FilterRegistrationBean   : Mapping filter: 'httpPutFormContentFilter' to: [/*]
2019-01-08 20:48:22.877  INFO 6772 --- [localhost-startStop-1] o.s.b.w.servlet.FilterRegistrationBean   : Mapping filter: 'requestContextFilter' to: [/*]
2019-01-08 20:48:23.985  INFO 6772 --- [main] s.w.s.m.m.a.RequestMappingHandlerAdapter : Looking for @ControllerAdvice: org.springframework.boot.context.embedded.AnnotationConfigEmbeddedWebApplicationContext@7f77e91b: startup date [Tue Jan 08 20:48:15 IST 2019]; root of context hierarchy
2019-01-08 20:48:24.155  INFO 6772 --- [main] s.w.s.m.m.a.RequestMappingHandlerMapping : Mapped "{[/exception]}" onto public java.lang.String com.Elk.demo.ELKController.exception()
2019-01-08 20:48:24.157  INFO 6772 --- [main] s.w.s.m.m.a.RequestMappingHandlerMapping : Mapped "{[/elk]}" onto public java.lang.String com.Elk.demo.ELKController.helloWorld()
2019-01-08 20:48:24.166  INFO 6772 --- [main] s.w.s.m.m.a.RequestMappingHandlerMapping : Mapped "{[/error]}" onto public org.springframework.http.ResponseEntity<java.util.Map<java.lang.String, java.lang.Object>> org.springframework.boot.autoconfigure.web.BasicErrorController.error(javax.servlet.http.HttpServletRequest)
2019-01-08 20:48:24.168  INFO 6772 --- [main] s.w.s.m.m.a.RequestMappingHandlerMapping : Mapped "{[/error],produces=[text/html]}" onto public org.springframework.web.servlet.ModelAndView org.springframework.boot.autoconfigure.web.BasicErrorController.errorHtml(javax.servlet.http.HttpServletRequest,javax.servlet.http.HttpServletResponse)
2019-01-08 20:48:24.269  INFO 6772 --- [main] o.s.w.s.handler.SimpleUrlHandlerMapping  : Mapped URL path [/webjars/**] onto handler of type [class org.springframework.web.servlet.resource.ResourceHttpRequestHandler]
2019-01-08 20:48:24.276  INFO 6772 --- [main] o.s.w.s.handler.SimpleUrlHandlerMapping  : Mapped URL path [/**] onto handler of type [class org.springframework.web.servlet.resource.ResourceHttpRequestHandler]
2019-01-08 20:48:24.380  INFO 6772 --- [main] o.s.w.s.handler.SimpleUrlHandlerMapping  : Mapped URL path [/**/favicon.ico] onto handler of type [class org.springframework.web.servlet.resource.ResourceHttpRequestHandler]
2019-01-08 20:48:24.789  INFO 6772 --- [main] o.s.j.e.a.AnnotationMBeanExporter        : Registering beans for JMX exposure on startup
2019-01-08 20:48:24.978  INFO 6772 --- [main] s.b.c.e.t.TomcatEmbeddedServletContainer : Tomcat started on port(s): 4546 (http)
2019-01-08 20:48:24.987  INFO 6772 --- [main] c.E.d.HelloWorldSpringBootApplication    : Started HelloWorldSpringBootApplication in 10.629 seconds (JVM running for 12.208)
2019-01-08 20:48:52.748  INFO 6772 --- [http-nio-4546-exec-10] o.a.c.c.C.[Tomcat].[localhost].[/]       : Initializing Spring FrameworkServlet 'dispatcherServlet'
2019-01-08 20:48:52.749  INFO 6772 --- [http-nio-4546-exec-10] o.s.web.servlet.DispatcherServlet        : FrameworkServlet 'dispatcherServlet': initialization started
2019-01-08 20:48:52.824  INFO 6772 --- [http-nio-4546-exec-10] o.s.web.servlet.DispatcherServlet        : FrameworkServlet 'dispatcherServlet': initialization completed in 74 ms
2019-01-08 20:49:09.660  INFO 6772 --- [http-nio-4546-exec-7] com.Elk.demo.ELKController               : Welcome to JavaInUseTue Jan 08 20:49:09 IST 2019
2019-01-08 20:49:11.865  INFO 6772 --- [http-nio-4546-exec-6] com.Elk.demo.ELKController               : Welcome to JavaInUseTue Jan 08 20:49:11 IST 2019
2019-01-08 20:49:12.091  INFO 6772 --- [http-nio-4546-exec-4] com.Elk.demo.ELKController               : Welcome to JavaInUseTue Jan 08 20:49:12 IST 2019
2019-01-08 20:49:12.257  INFO 6772 --- [http-nio-4546-exec-2] com.Elk.demo.ELKController               : Welcome to JavaInUseTue Jan 08 20:49:12 IST 2019
2019-01-08 20:49:12.426  INFO 6772 --- [http-nio-4546-exec-10] com.Elk.demo.ELKController               : Welcome to JavaInUseTue Jan 08 20:49:12 IST 2019
2019-01-08 20:49:12.561  INFO 6772 --- [http-nio-4546-exec-8] com.Elk.demo.ELKController               : Welcome to JavaInUseTue Jan 08 20:49:12 IST 2019
2019-01-08 20:49:12.705  INFO 6772 --- [http-nio-4546-exec-6] com.Elk.demo.ELKController               : Welcome to JavaInUseTue Jan 08 20:49:12 IST 2019
2019-01-08 20:49:12.865  INFO 6772 --- [http-nio-4546-exec-4] com.Elk.demo.ELKController               : Welcome to JavaInUseTue Jan 08 20:49:12 IST 2019
2019-01-08 20:49:12.971  INFO 6772 --- [http-nio-4546-exec-2] com.Elk.demo.ELKController               : Welcome to JavaInUseTue Jan 08 20:49:12 IST 2019
2019-01-08 20:49:13.243  INFO 6772 --- [http-nio-4546-exec-1] com.Elk.demo.ELKController               : Welcome to JavaInUseTue Jan 08 20:49:13 IST 2019
2019-01-08 20:49:13.372  INFO 6772 --- [http-nio-4546-exec-8] com.Elk.demo.ELKController               : Welcome to JavaInUseTue Jan 08 20:49:13 IST 2019
2019-01-08 20:49:13.740  INFO 6772 --- [http-nio-4546-exec-7] com.Elk.demo.ELKController               : Welcome to JavaInUseTue Jan 08 20:49:13 IST 2019
2019-01-08 20:49:13.876  INFO 6772 --- [http-nio-4546-exec-5] com.Elk.demo.ELKController               : Welcome to JavaInUseTue Jan 08 20:49:13 IST 2019
2019-01-08 20:49:14.018  INFO 6772 --- [http-nio-4546-exec-3] com.Elk.demo.ELKController               : Welcome to JavaInUseTue Jan 08 20:49:14 IST 2019
2019-01-08 20:49:14.157  INFO 6772 --- [http-nio-4546-exec-1] com.Elk.demo.ELKController               : Welcome to JavaInUseTue Jan 08 20:49:14 IST 2019
2019-01-08 20:49:14.290  INFO 6772 --- [http-nio-4546-exec-8] com.Elk.demo.ELKController               : Welcome to JavaInUseTue Jan 08 20:49:14 IST 2019
2019-01-08 20:49:14.521  INFO 6772 --- [http-nio-4546-exec-7] com.Elk.demo.ELKController               : Welcome to JavaInUseTue Jan 08 20:49:14 IST 2019
2019-01-08 20:49:14.754  INFO 6772 --- [http-nio-4546-exec-5] com.Elk.demo.ELKController               : Welcome to JavaInUseTue Jan 08 20:49:14 IST 2019
2019-01-08 20:49:14.925  INFO 6772 --- [http-nio-4546-exec-3] com.Elk.demo.ELKController               : Welcome to JavaInUseTue Jan 08 20:49:14 IST 2019
2019-01-08 20:49:15.073  INFO 6772 --- [http-nio-4546-exec-1] com.Elk.demo.ELKController               : Welcome to JavaInUseTue Jan 08 20:49:15 IST 2019
2019-01-08 20:49:16.455  INFO 6772 --- [http-nio-4546-exec-8] com.Elk.demo.ELKController               : Welcome to JavaInUseTue Jan 08 20:49:16 IST 2019
2019-01-08 20:49:16.615  INFO 6772 --- [http-nio-4546-exec-7] com.Elk.demo.ELKController               : Welcome to JavaInUseTue Jan 08 20:49:16 IST 2019
2019-01-08 20:49:16.770  INFO 6772 --- [http-nio-4546-exec-5] com.Elk.demo.ELKController               : Welcome to JavaInUseTue Jan 08 20:49:16 IST 2019
2019-01-08 20:49:16.938  INFO 6772 --- [http-nio-4546-exec-3] com.Elk.demo.ELKController               : Welcome to JavaInUseTue Jan 08 20:49:16 IST 2019
2019-01-08 20:49:17.108  INFO 6772 --- [http-nio-4546-exec-1] com.Elk.demo.ELKController               : Welcome to JavaInUseTue Jan 08 20:49:17 IST 2019
2019-01-08 20:49:17.271  INFO 6772 --- [http-nio-4546-exec-8] com.Elk.demo.ELKController               : Welcome to JavaInUseTue Jan 08 20:49:17 IST 2019
2019-01-08 21:25:36.437  INFO 11816 --- [main] c.E.d.HelloWorldSpringBootApplication    : Starting HelloWorldSpringBootApplication on shubhamgo with PID 11816 (D:\Workspace\ApplicationELKDemo\target\classes started by shubhamgo in D:\Workspace\ApplicationELKDemo)
2019-01-08 21:25:36.443  INFO 11816 --- [main] c.E.d.HelloWorldSpringBootApplication    : No active profile set, falling back to default profiles: default
2019-01-08 21:25:36.783  INFO 11816 --- [main] ationConfigEmbeddedWebApplicationContext : Refreshing org.springframework.boot.context.embedded.AnnotationConfigEmbeddedWebApplicationContext@7f77e91b: startup date [Tue Jan 08 21:25:36 IST 2019]; root of context hierarchy
2019-01-08 21:25:44.761  INFO 11816 --- [main] s.b.c.e.t.TomcatEmbeddedServletContainer : Tomcat initialized with port(s): 4546 (http)
2019-01-08 21:25:44.878  INFO 11816 --- [main] o.apache.catalina.core.StandardService   : Starting service [Tomcat]
2019-01-08 21:25:44.880  INFO 11816 --- [main] org.apache.catalina.core.StandardEngine  : Starting Servlet Engine: Apache Tomcat/8.5.16
2019-01-08 21:25:45.408  INFO 11816 --- [localhost-startStop-1] o.a.c.c.C.[Tomcat].[localhost].[/]       : Initializing Spring embedded WebApplicationContext
2019-01-08 21:25:45.409  INFO 11816 --- [localhost-startStop-1] o.s.web.context.ContextLoader            : Root WebApplicationContext: initialization completed in 8632 ms
2019-01-08 21:25:46.068  INFO 11816 --- [localhost-startStop-1] o.s.b.w.servlet.ServletRegistrationBean  : Mapping servlet: 'dispatcherServlet' to [/]
2019-01-08 21:25:46.077  INFO 11816 --- [localhost-startStop-1] o.s.b.w.servlet.FilterRegistrationBean   : Mapping filter: 'characterEncodingFilter' to: [/*]
2019-01-08 21:25:46.079  INFO 11816 --- [localhost-startStop-1] o.s.b.w.servlet.FilterRegistrationBean   : Mapping filter: 'hiddenHttpMethodFilter' to: [/*]
2019-01-08 21:25:46.079  INFO 11816 --- [localhost-startStop-1] o.s.b.w.servlet.FilterRegistrationBean   : Mapping filter: 'httpPutFormContentFilter' to: [/*]
2019-01-08 21:25:46.079  INFO 11816 --- [localhost-startStop-1] o.s.b.w.servlet.FilterRegistrationBean   : Mapping filter: 'requestContextFilter' to: [/*]
2019-01-08 21:25:47.897  INFO 11816 --- [main] s.w.s.m.m.a.RequestMappingHandlerAdapter : Looking for @ControllerAdvice: org.springframework.boot.context.embedded.AnnotationConfigEmbeddedWebApplicationContext@7f77e91b: startup date [Tue Jan 08 21:25:36 IST 2019]; root of context hierarchy
2019-01-08 21:25:48.225  INFO 11816 --- [main] s.w.s.m.m.a.RequestMappingHandlerMapping : Mapped "{[/exception]}" onto public java.lang.String com.Elk.demo.ELKController.exception()
2019-01-08 21:25:48.228  INFO 11816 --- [main] s.w.s.m.m.a.RequestMappingHandlerMapping : Mapped "{[/elk]}" onto public java.lang.String com.Elk.demo.ELKController.helloWorld()
2019-01-08 21:25:48.237  INFO 11816 --- [main] s.w.s.m.m.a.RequestMappingHandlerMapping : Mapped "{[/error]}" onto public org.springframework.http.ResponseEntity<java.util.Map<java.lang.String, java.lang.Object>> org.springframework.boot.autoconfigure.web.BasicErrorController.error(javax.servlet.http.HttpServletRequest)
2019-01-08 21:25:48.258  INFO 11816 --- [main] s.w.s.m.m.a.RequestMappingHandlerMapping : Mapped "{[/error],produces=[text/html]}" onto public org.springframework.web.servlet.ModelAndView org.springframework.boot.autoconfigure.web.BasicErrorController.errorHtml(javax.servlet.http.HttpServletRequest,javax.servlet.http.HttpServletResponse)
2019-01-08 21:25:48.338  INFO 11816 --- [main] o.s.w.s.handler.SimpleUrlHandlerMapping  : Mapped URL path [/webjars/**] onto handler of type [class org.springframework.web.servlet.resource.ResourceHttpRequestHandler]
2019-01-08 21:25:48.338  INFO 11816 --- [main] o.s.w.s.handler.SimpleUrlHandlerMapping  : Mapped URL path [/**] onto handler of type [class org.springframework.web.servlet.resource.ResourceHttpRequestHandler]
2019-01-08 21:25:48.435  INFO 11816 --- [main] o.s.w.s.handler.SimpleUrlHandlerMapping  : Mapped URL path [/**/favicon.ico] onto handler of type [class org.springframework.web.servlet.resource.ResourceHttpRequestHandler]
2019-01-08 21:25:49.895  INFO 11816 --- [main] o.s.j.e.a.AnnotationMBeanExporter        : Registering beans for JMX exposure on startup
2019-01-08 21:25:50.442  INFO 11816 --- [main] s.b.c.e.t.TomcatEmbeddedServletContainer : Tomcat started on port(s): 4546 (http)
2019-01-08 21:25:50.450  INFO 11816 --- [main] c.E.d.HelloWorldSpringBootApplication    : Started HelloWorldSpringBootApplication in 15.5 seconds (JVM running for 17.339)
2019-01-08 21:26:14.267  INFO 11816 --- [http-nio-4546-exec-10] o.a.c.c.C.[Tomcat].[localhost].[/]       : Initializing Spring FrameworkServlet 'dispatcherServlet'
2019-01-08 21:26:14.268  INFO 11816 --- [http-nio-4546-exec-10] o.s.web.servlet.DispatcherServlet        : FrameworkServlet 'dispatcherServlet': initialization started
2019-01-08 21:26:14.370  INFO 11816 --- [http-nio-4546-exec-10] o.s.web.servlet.DispatcherServlet        : FrameworkServlet 'dispatcherServlet': initialization completed in 100 ms
2019-01-08 21:26:14.425  INFO 11816 --- [http-nio-4546-exec-10] com.Elk.demo.ELKController               : Welcome to JavaInUseTue Jan 08 21:26:14 IST 2019
2019-01-08 21:26:15.822  INFO 11816 --- [http-nio-4546-exec-9] com.Elk.demo.ELKController               : Welcome to JavaInUseTue Jan 08 21:26:15 IST 2019
2019-01-08 21:26:17.710  INFO 11816 --- [http-nio-4546-exec-8] com.Elk.demo.ELKController               : Welcome to JavaInUseTue Jan 08 21:26:17 IST 2019
2019-01-08 21:26:22.924 ERROR 11816 --- [http-nio-4546-exec-7] com.Elk.demo.ELKController               : java.lang.Exception: Exception has occured....
2019-01-08 21:26:22.926 ERROR 11816 --- [http-nio-4546-exec-7] com.Elk.demo.ELKController               : Exception - java.lang.Exception: Exception has occured....
	at com.Elk.demo.ELKController.exception(ELKController.java:39)
	at sun.reflect.NativeMethodAccessorImpl.invoke0(Native Method)
	at sun.reflect.NativeMethodAccessorImpl.invoke(Unknown Source)
	at sun.reflect.DelegatingMethodAccessorImpl.invoke(Unknown Source)
	at java.lang.reflect.Method.invoke(Unknown Source)
	at org.springframework.web.method.support.InvocableHandlerMethod.doInvoke(InvocableHandlerMethod.java:205)
	at org.springframework.web.method.support.InvocableHandlerMethod.invokeForRequest(InvocableHandlerMethod.java:133)
	at org.springframework.web.servlet.mvc.method.annotation.ServletInvocableHandlerMethod.invokeAndHandle(ServletInvocableHandlerMethod.java:97)
	at org.springframework.web.servlet.mvc.method.annotation.RequestMappingHandlerAdapter.invokeHandlerMethod(RequestMappingHandlerAdapter.java:827)
	at org.springframework.web.servlet.mvc.method.annotation.RequestMappingHandlerAdapter.handleInternal(RequestMappingHandlerAdapter.java:738)
	at org.springframework.web.servlet.mvc.method.AbstractHandlerMethodAdapter.handle(AbstractHandlerMethodAdapter.java:85)
	at org.springframework.web.servlet.DispatcherServlet.doDispatch(DispatcherServlet.java:967)
	at org.springframework.web.servlet.DispatcherServlet.doService(DispatcherServlet.java:901)
	at org.springframework.web.servlet.FrameworkServlet.processRequest(FrameworkServlet.java:970)
	at org.springframework.web.servlet.FrameworkServlet.doGet(FrameworkServlet.java:861)
	at javax.servlet.http.HttpServlet.service(HttpServlet.java:635)
	at org.springframework.web.servlet.FrameworkServlet.service(FrameworkServlet.java:846)
	at javax.servlet.http.HttpServlet.service(HttpServlet.java:742)
	at org.apache.catalina.core.ApplicationFilterChain.internalDoFilter(ApplicationFilterChain.java:231)
	at org.apache.catalina.core.ApplicationFilterChain.doFilter(ApplicationFilterChain.java:166)
	at org.apache.tomcat.websocket.server.WsFilter.doFilter(WsFilter.java:52)
	at org.apache.catalina.core.ApplicationFilterChain.internalDoFilter(ApplicationFilterChain.java:193)
	at org.apache.catalina.core.ApplicationFilterChain.doFilter(ApplicationFilterChain.java:166)
	at org.springframework.web.filter.RequestContextFilter.doFilterInternal(RequestContextFilter.java:99)
	at org.springframework.web.filter.OncePerRequestFilter.doFilter(OncePerRequestFilter.java:107)
	at org.apache.catalina.core.ApplicationFilterChain.internalDoFilter(ApplicationFilterChain.java:193)
	at org.apache.catalina.core.ApplicationFilterChain.doFilter(ApplicationFilterChain.java:166)
	at org.springframework.web.filter.HttpPutFormContentFilter.doFilterInternal(HttpPutFormContentFilter.java:105)
	at org.springframework.web.filter.OncePerRequestFilter.doFilter(OncePerRequestFilter.java:107)
	at org.apache.catalina.core.ApplicationFilterChain.internalDoFilter(ApplicationFilterChain.java:193)
	at org.apache.catalina.core.ApplicationFilterChain.doFilter(ApplicationFilterChain.java:166)
	at org.springframework.web.filter.HiddenHttpMethodFilter.doFilterInternal(HiddenHttpMethodFilter.java:81)
	at org.springframework.web.filter.OncePerRequestFilter.doFilter(OncePerRequestFilter.java:107)
	at org.apache.catalina.core.ApplicationFilterChain.internalDoFilter(ApplicationFilterChain.java:193)
	at org.apache.catalina.core.ApplicationFilterChain.doFilter(ApplicationFilterChain.java:166)
	at org.springframework.web.filter.CharacterEncodingFilter.doFilterInternal(CharacterEncodingFilter.java:197)
	at org.springframework.web.filter.OncePerRequestFilter.doFilter(OncePerRequestFilter.java:107)
	at org.apache.catalina.core.ApplicationFilterChain.internalDoFilter(ApplicationFilterChain.java:193)
	at org.apache.catalina.core.ApplicationFilterChain.doFilter(ApplicationFilterChain.java:166)
	at org.apache.catalina.core.StandardWrapperValve.invoke(StandardWrapperValve.java:198)
	at org.apache.catalina.core.StandardContextValve.invoke(StandardContextValve.java:96)
	at org.apache.catalina.authenticator.AuthenticatorBase.invoke(AuthenticatorBase.java:478)
	at org.apache.catalina.core.StandardHostValve.invoke(StandardHostValve.java:140)
	at org.apache.catalina.valves.ErrorReportValve.invoke(ErrorReportValve.java:80)
	at org.apache.catalina.core.StandardEngineValve.invoke(StandardEngineValve.java:87)
	at org.apache.catalina.connector.CoyoteAdapter.service(CoyoteAdapter.java:342)
	at org.apache.coyote.http11.Http11Processor.service(Http11Processor.java:799)
	at org.apache.coyote.AbstractProcessorLight.process(AbstractProcessorLight.java:66)
	at org.apache.coyote.AbstractProtocol$ConnectionHandler.process(AbstractProtocol.java:868)
	at org.apache.tomcat.util.net.NioEndpoint$SocketProcessor.doRun(NioEndpoint.java:1455)
	at org.apache.tomcat.util.net.SocketProcessorBase.run(SocketProcessorBase.java:49)
	at java.util.concurrent.ThreadPoolExecutor.runWorker(Unknown Source)
	at java.util.concurrent.ThreadPoolExecutor$Worker.run(Unknown Source)
	at org.apache.tomcat.util.threads.TaskThread$WrappingRunnable.run(TaskThread.java:61)
	at java.lang.Thread.run(Unknown Source)

2019-01-08 21:26:25.757 ERROR 11816 --- [http-nio-4546-exec-5] com.Elk.demo.ELKController               : java.lang.Exception: Exception has occured....
2019-01-08 21:26:25.758 ERROR 11816 --- [http-nio-4546-exec-5] com.Elk.demo.ELKController               : Exception - java.lang.Exception: Exception has occured....
	at com.Elk.demo.ELKController.exception(ELKController.java:39)
	at sun.reflect.NativeMethodAccessorImpl.invoke0(Native Method)
	at sun.reflect.NativeMethodAccessorImpl.invoke(Unknown Source)
	at sun.reflect.DelegatingMethodAccessorImpl.invoke(Unknown Source)
	at java.lang.reflect.Method.invoke(Unknown Source)
	at org.springframework.web.method.support.InvocableHandlerMethod.doInvoke(InvocableHandlerMethod.java:205)
	at org.springframework.web.method.support.InvocableHandlerMethod.invokeForRequest(InvocableHandlerMethod.java:133)
	at org.springframework.web.servlet.mvc.method.annotation.ServletInvocableHandlerMethod.invokeAndHandle(ServletInvocableHandlerMethod.java:97)
	at org.springframework.web.servlet.mvc.method.annotation.RequestMappingHandlerAdapter.invokeHandlerMethod(RequestMappingHandlerAdapter.java:827)
	at org.springframework.web.servlet.mvc.method.annotation.RequestMappingHandlerAdapter.handleInternal(RequestMappingHandlerAdapter.java:738)
	at org.springframework.web.servlet.mvc.method.AbstractHandlerMethodAdapter.handle(AbstractHandlerMethodAdapter.java:85)
	at org.springframework.web.servlet.DispatcherServlet.doDispatch(DispatcherServlet.java:967)
	at org.springframework.web.servlet.DispatcherServlet.doService(DispatcherServlet.java:901)
	at org.springframework.web.servlet.FrameworkServlet.processRequest(FrameworkServlet.java:970)
	at org.springframework.web.servlet.FrameworkServlet.doGet(FrameworkServlet.java:861)
	at javax.servlet.http.HttpServlet.service(HttpServlet.java:635)
	at org.springframework.web.servlet.FrameworkServlet.service(FrameworkServlet.java:846)
	at javax.servlet.http.HttpServlet.service(HttpServlet.java:742)
	at org.apache.catalina.core.ApplicationFilterChain.internalDoFilter(ApplicationFilterChain.java:231)
	at org.apache.catalina.core.ApplicationFilterChain.doFilter(ApplicationFilterChain.java:166)
	at org.apache.tomcat.websocket.server.WsFilter.doFilter(WsFilter.java:52)
	at org.apache.catalina.core.ApplicationFilterChain.internalDoFilter(ApplicationFilterChain.java:193)
	at org.apache.catalina.core.ApplicationFilterChain.doFilter(ApplicationFilterChain.java:166)
	at org.springframework.web.filter.RequestContextFilter.doFilterInternal(RequestContextFilter.java:99)
	at org.springframework.web.filter.OncePerRequestFilter.doFilter(OncePerRequestFilter.java:107)
	at org.apache.catalina.core.ApplicationFilterChain.internalDoFilter(ApplicationFilterChain.java:193)
	at org.apache.catalina.core.ApplicationFilterChain.doFilter(ApplicationFilterChain.java:166)
	at org.springframework.web.filter.HttpPutFormContentFilter.doFilterInternal(HttpPutFormContentFilter.java:105)
	at org.springframework.web.filter.OncePerRequestFilter.doFilter(OncePerRequestFilter.java:107)
	at org.apache.catalina.core.ApplicationFilterChain.internalDoFilter(ApplicationFilterChain.java:193)
	at org.apache.catalina.core.ApplicationFilterChain.doFilter(ApplicationFilterChain.java:166)
	at org.springframework.web.filter.HiddenHttpMethodFilter.doFilterInternal(HiddenHttpMethodFilter.java:81)
	at org.springframework.web.filter.OncePerRequestFilter.doFilter(OncePerRequestFilter.java:107)
	at org.apache.catalina.core.ApplicationFilterChain.internalDoFilter(ApplicationFilterChain.java:193)
	at org.apache.catalina.core.ApplicationFilterChain.doFilter(ApplicationFilterChain.java:166)
	at org.springframework.web.filter.CharacterEncodingFilter.doFilterInternal(CharacterEncodingFilter.java:197)
	at org.springframework.web.filter.OncePerRequestFilter.doFilter(OncePerRequestFilter.java:107)
	at org.apache.catalina.core.ApplicationFilterChain.internalDoFilter(ApplicationFilterChain.java:193)
	at org.apache.catalina.core.ApplicationFilterChain.doFilter(ApplicationFilterChain.java:166)
	at org.apache.catalina.core.StandardWrapperValve.invoke(StandardWrapperValve.java:198)
	at org.apache.catalina.core.StandardContextValve.invoke(StandardContextValve.java:96)
	at org.apache.catalina.authenticator.AuthenticatorBase.invoke(AuthenticatorBase.java:478)
	at org.apache.catalina.core.StandardHostValve.invoke(StandardHostValve.java:140)
	at org.apache.catalina.valves.ErrorReportValve.invoke(ErrorReportValve.java:80)
	at org.apache.catalina.core.StandardEngineValve.invoke(StandardEngineValve.java:87)
	at org.apache.catalina.connector.CoyoteAdapter.service(CoyoteAdapter.java:342)
	at org.apache.coyote.http11.Http11Processor.service(Http11Processor.java:799)
	at org.apache.coyote.AbstractProcessorLight.process(AbstractProcessorLight.java:66)
	at org.apache.coyote.AbstractProtocol$ConnectionHandler.process(AbstractProtocol.java:868)
	at org.apache.tomcat.util.net.NioEndpoint$SocketProcessor.doRun(NioEndpoint.java:1455)
	at org.apache.tomcat.util.net.SocketProcessorBase.run(SocketProcessorBase.java:49)
	at java.util.concurrent.ThreadPoolExecutor.runWorker(Unknown Source)
	at java.util.concurrent.ThreadPoolExecutor$Worker.run(Unknown Source)
	at org.apache.tomcat.util.threads.TaskThread$WrappingRunnable.run(TaskThread.java:61)
	at java.lang.Thread.run(Unknown Source)

2019-01-08 21:26:27.039 ERROR 11816 --- [http-nio-4546-exec-3] com.Elk.demo.ELKController               : java.lang.Exception: Exception has occured....
2019-01-08 21:26:27.041 ERROR 11816 --- [http-nio-4546-exec-3] com.Elk.demo.ELKController               : Exception - java.lang.Exception: Exception has occured....
	at com.Elk.demo.ELKController.exception(ELKController.java:39)
	at sun.reflect.NativeMethodAccessorImpl.invoke0(Native Method)
	at sun.reflect.NativeMethodAccessorImpl.invoke(Unknown Source)
	at sun.reflect.DelegatingMethodAccessorImpl.invoke(Unknown Source)
	at java.lang.reflect.Method.invoke(Unknown Source)
	at org.springframework.web.method.support.InvocableHandlerMethod.doInvoke(InvocableHandlerMethod.java:205)
	at org.springframework.web.method.support.InvocableHandlerMethod.invokeForRequest(InvocableHandlerMethod.java:133)
	at org.springframework.web.servlet.mvc.method.annotation.ServletInvocableHandlerMethod.invokeAndHandle(ServletInvocableHandlerMethod.java:97)
	at org.springframework.web.servlet.mvc.method.annotation.RequestMappingHandlerAdapter.invokeHandlerMethod(RequestMappingHandlerAdapter.java:827)
	at org.springframework.web.servlet.mvc.method.annotation.RequestMappingHandlerAdapter.handleInternal(RequestMappingHandlerAdapter.java:738)
	at org.springframework.web.servlet.mvc.method.AbstractHandlerMethodAdapter.handle(AbstractHandlerMethodAdapter.java:85)
	at org.springframework.web.servlet.DispatcherServlet.doDispatch(DispatcherServlet.java:967)
	at org.springframework.web.servlet.DispatcherServlet.doService(DispatcherServlet.java:901)
	at org.springframework.web.servlet.FrameworkServlet.processRequest(FrameworkServlet.java:970)
	at org.springframework.web.servlet.FrameworkServlet.doGet(FrameworkServlet.java:861)
	at javax.servlet.http.HttpServlet.service(HttpServlet.java:635)
	at org.springframework.web.servlet.FrameworkServlet.service(FrameworkServlet.java:846)
	at javax.servlet.http.HttpServlet.service(HttpServlet.java:742)
	at org.apache.catalina.core.ApplicationFilterChain.internalDoFilter(ApplicationFilterChain.java:231)
	at org.apache.catalina.core.ApplicationFilterChain.doFilter(ApplicationFilterChain.java:166)
	at org.apache.tomcat.websocket.server.WsFilter.doFilter(WsFilter.java:52)
	at org.apache.catalina.core.ApplicationFilterChain.internalDoFilter(ApplicationFilterChain.java:193)
	at org.apache.catalina.core.ApplicationFilterChain.doFilter(ApplicationFilterChain.java:166)
	at org.springframework.web.filter.RequestContextFilter.doFilterInternal(RequestContextFilter.java:99)
	at org.springframework.web.filter.OncePerRequestFilter.doFilter(OncePerRequestFilter.java:107)
	at org.apache.catalina.core.ApplicationFilterChain.internalDoFilter(ApplicationFilterChain.java:193)
	at org.apache.catalina.core.ApplicationFilterChain.doFilter(ApplicationFilterChain.java:166)
	at org.springframework.web.filter.HttpPutFormContentFilter.doFilterInternal(HttpPutFormContentFilter.java:105)
	at org.springframework.web.filter.OncePerRequestFilter.doFilter(OncePerRequestFilter.java:107)
	at org.apache.catalina.core.ApplicationFilterChain.internalDoFilter(ApplicationFilterChain.java:193)
	at org.apache.catalina.core.ApplicationFilterChain.doFilter(ApplicationFilterChain.java:166)
	at org.springframework.web.filter.HiddenHttpMethodFilter.doFilterInternal(HiddenHttpMethodFilter.java:81)
	at org.springframework.web.filter.OncePerRequestFilter.doFilter(OncePerRequestFilter.java:107)
	at org.apache.catalina.core.ApplicationFilterChain.internalDoFilter(ApplicationFilterChain.java:193)
	at org.apache.catalina.core.ApplicationFilterChain.doFilter(ApplicationFilterChain.java:166)
	at org.springframework.web.filter.CharacterEncodingFilter.doFilterInternal(CharacterEncodingFilter.java:197)
	at org.springframework.web.filter.OncePerRequestFilter.doFilter(OncePerRequestFilter.java:107)
	at org.apache.catalina.core.ApplicationFilterChain.internalDoFilter(ApplicationFilterChain.java:193)
	at org.apache.catalina.core.ApplicationFilterChain.doFilter(ApplicationFilterChain.java:166)
	at org.apache.catalina.core.StandardWrapperValve.invoke(StandardWrapperValve.java:198)
	at org.apache.catalina.core.StandardContextValve.invoke(StandardContextValve.java:96)
	at org.apache.catalina.authenticator.AuthenticatorBase.invoke(AuthenticatorBase.java:478)
	at org.apache.catalina.core.StandardHostValve.invoke(StandardHostValve.java:140)
	at org.apache.catalina.valves.ErrorReportValve.invoke(ErrorReportValve.java:80)
	at org.apache.catalina.core.StandardEngineValve.invoke(StandardEngineValve.java:87)
	at org.apache.catalina.connector.CoyoteAdapter.service(CoyoteAdapter.java:342)
	at org.apache.coyote.http11.Http11Processor.service(Http11Processor.java:799)
	at org.apache.coyote.AbstractProcessorLight.process(AbstractProcessorLight.java:66)
	at org.apache.coyote.AbstractProtocol$ConnectionHandler.process(AbstractProtocol.java:868)
	at org.apache.tomcat.util.net.NioEndpoint$SocketProcessor.doRun(NioEndpoint.java:1455)
	at org.apache.tomcat.util.net.SocketProcessorBase.run(SocketProcessorBase.java:49)
	at java.util.concurrent.ThreadPoolExecutor.runWorker(Unknown Source)
	at java.util.concurrent.ThreadPoolExecutor$Worker.run(Unknown Source)
	at org.apache.tomcat.util.threads.TaskThread$WrappingRunnable.run(TaskThread.java:61)
	at java.lang.Thread.run(Unknown Source)

2019-01-08 21:26:30.871  INFO 11816 --- [http-nio-4546-exec-1] com.Elk.demo.ELKController               : Welcome to JavaInUseTue Jan 08 21:26:30 IST 2019
2019-01-08 21:30:34.393  INFO 11816 --- [http-nio-4546-exec-8] o.apache.coyote.http11.Http11Processor   : Error parsing HTTP request header
 Note: further occurrences of HTTP header parsing errors will be logged at DEBUG level.

java.lang.IllegalArgumentException: Invalid character found in method name. HTTP method names must be tokens
	at org.apache.coyote.http11.Http11InputBuffer.parseRequestLine(Http11InputBuffer.java:422) ~[tomcat-embed-core-8.5.16.jar:8.5.16]
	at org.apache.coyote.http11.Http11Processor.service(Http11Processor.java:683) ~[tomcat-embed-core-8.5.16.jar:8.5.16]
	at org.apache.coyote.AbstractProcessorLight.process(AbstractProcessorLight.java:66) [tomcat-embed-core-8.5.16.jar:8.5.16]
	at org.apache.coyote.AbstractProtocol$ConnectionHandler.process(AbstractProtocol.java:868) [tomcat-embed-core-8.5.16.jar:8.5.16]
	at org.apache.tomcat.util.net.NioEndpoint$SocketProcessor.doRun(NioEndpoint.java:1455) [tomcat-embed-core-8.5.16.jar:8.5.16]
	at org.apache.tomcat.util.net.SocketProcessorBase.run(SocketProcessorBase.java:49) [tomcat-embed-core-8.5.16.jar:8.5.16]
	at java.util.concurrent.ThreadPoolExecutor.runWorker(Unknown Source) [na:1.8.0]
	at java.util.concurrent.ThreadPoolExecutor$Worker.run(Unknown Source) [na:1.8.0]
	at org.apache.tomcat.util.threads.TaskThread$WrappingRunnable.run(TaskThread.java:61) [tomcat-embed-core-8.5.16.jar:8.5.16]
	at java.lang.Thread.run(Unknown Source) [na:1.8.0]

2019-01-08 21:30:45.387  INFO 11816 --- [http-nio-4546-exec-1] o.apache.coyote.http11.Http11Processor   : Error parsing HTTP request header
 Note: further occurrences of HTTP header parsing errors will be logged at DEBUG level.

java.lang.IllegalArgumentException: Invalid character found in method name. HTTP method names must be tokens
	at org.apache.coyote.http11.Http11InputBuffer.parseRequestLine(Http11InputBuffer.java:422) ~[tomcat-embed-core-8.5.16.jar:8.5.16]
	at org.apache.coyote.http11.Http11Processor.service(Http11Processor.java:683) ~[tomcat-embed-core-8.5.16.jar:8.5.16]
	at org.apache.coyote.AbstractProcessorLight.process(AbstractProcessorLight.java:66) [tomcat-embed-core-8.5.16.jar:8.5.16]
	at org.apache.coyote.AbstractProtocol$ConnectionHandler.process(AbstractProtocol.java:868) [tomcat-embed-core-8.5.16.jar:8.5.16]
	at org.apache.tomcat.util.net.NioEndpoint$SocketProcessor.doRun(NioEndpoint.java:1455) [tomcat-embed-core-8.5.16.jar:8.5.16]
	at org.apache.tomcat.util.net.SocketProcessorBase.run(SocketProcessorBase.java:49) [tomcat-embed-core-8.5.16.jar:8.5.16]
	at java.util.concurrent.ThreadPoolExecutor.runWorker(Unknown Source) [na:1.8.0]
	at java.util.concurrent.ThreadPoolExecutor$Worker.run(Unknown Source) [na:1.8.0]
	at org.apache.tomcat.util.threads.TaskThread$WrappingRunnable.run(TaskThread.java:61) [tomcat-embed-core-8.5.16.jar:8.5.16]
	at java.lang.Thread.run(Unknown Source) [na:1.8.0]

2019-01-08 21:30:51.897  INFO 11816 --- [http-nio-4546-exec-10] com.Elk.demo.ELKController               : Welcome to JavaInUseTue Jan 08 21:30:51 IST 2019
2019-01-08 21:30:55.123  INFO 11816 --- [http-nio-4546-exec-9] com.Elk.demo.ELKController               : Welcome to JavaInUseTue Jan 08 21:30:55 IST 2019
2019-01-08 21:30:55.441  INFO 11816 --- [http-nio-4546-exec-8] com.Elk.demo.ELKController               : Welcome to JavaInUseTue Jan 08 21:30:55 IST 2019
2019-01-08 21:30:55.725  INFO 11816 --- [http-nio-4546-exec-5] com.Elk.demo.ELKController               : Welcome to JavaInUseTue Jan 08 21:30:55 IST 2019
2019-01-08 21:30:56.094  INFO 11816 --- [http-nio-4546-exec-3] com.Elk.demo.ELKController               : Welcome to JavaInUseTue Jan 08 21:30:56 IST 2019
2019-01-08 21:30:56.391  INFO 11816 --- [http-nio-4546-exec-1] com.Elk.demo.ELKController               : Welcome to JavaInUseTue Jan 08 21:30:56 IST 2019
2019-01-08 21:30:56.768  INFO 11816 --- [http-nio-4546-exec-9] com.Elk.demo.ELKController               : Welcome to JavaInUseTue Jan 08 21:30:56 IST 2019
2019-01-08 21:30:57.077  INFO 11816 --- [http-nio-4546-exec-8] com.Elk.demo.ELKController               : Welcome to JavaInUseTue Jan 08 21:30:57 IST 2019
2019-01-08 21:30:57.462  INFO 11816 --- [http-nio-4546-exec-3] com.Elk.demo.ELKController               : Welcome to JavaInUseTue Jan 08 21:30:57 IST 2019
2019-01-08 21:30:57.716  INFO 11816 --- [http-nio-4546-exec-9] com.Elk.demo.ELKController               : Welcome to JavaInUseTue Jan 08 21:30:57 IST 2019
2019-01-08 21:30:58.068  INFO 11816 --- [http-nio-4546-exec-3] com.Elk.demo.ELKController               : Welcome to JavaInUseTue Jan 08 21:30:58 IST 2019
2019-01-08 21:30:58.605  INFO 11816 --- [http-nio-4546-exec-11] com.Elk.demo.ELKController               : Welcome to JavaInUseTue Jan 08 21:30:58 IST 2019
2019-01-08 21:30:59.097  INFO 11816 --- [http-nio-4546-exec-12] com.Elk.demo.ELKController               : Welcome to JavaInUseTue Jan 08 21:30:59 IST 2019
2019-01-08 21:30:59.358  INFO 11816 --- [http-nio-4546-exec-13] com.Elk.demo.ELKController               : Welcome to JavaInUseTue Jan 08 21:30:59 IST 2019
2019-01-08 21:30:59.617  INFO 11816 --- [http-nio-4546-exec-14] com.Elk.demo.ELKController               : Welcome to JavaInUseTue Jan 08 21:30:59 IST 2019
2019-01-08 21:31:00.227  INFO 11816 --- [http-nio-4546-exec-15] com.Elk.demo.ELKController               : Welcome to JavaInUseTue Jan 08 21:31:00 IST 2019
2019-01-08 21:31:00.742  INFO 11816 --- [http-nio-4546-exec-16] com.Elk.demo.ELKController               : Welcome to JavaInUseTue Jan 08 21:31:00 IST 2019
2019-01-08 21:31:01.142  INFO 11816 --- [http-nio-4546-exec-17] com.Elk.demo.ELKController               : Welcome to JavaInUseTue Jan 08 21:31:01 IST 2019
2019-01-08 21:31:01.544  INFO 11816 --- [http-nio-4546-exec-18] com.Elk.demo.ELKController               : Welcome to JavaInUseTue Jan 08 21:31:01 IST 2019
2019-01-08 21:31:01.925  INFO 11816 --- [http-nio-4546-exec-19] com.Elk.demo.ELKController               : Welcome to JavaInUseTue Jan 08 21:31:01 IST 2019
2019-01-08 21:31:02.271  INFO 11816 --- [http-nio-4546-exec-20] com.Elk.demo.ELKController               : Welcome to JavaInUseTue Jan 08 21:31:02 IST 2019
2019-01-08 21:31:02.721  INFO 11816 --- [http-nio-4546-exec-21] com.Elk.demo.ELKController               : Welcome to JavaInUseTue Jan 08 21:31:02 IST 2019
2019-01-08 21:31:02.985  INFO 11816 --- [http-nio-4546-exec-22] com.Elk.demo.ELKController               : Welcome to JavaInUseTue Jan 08 21:31:02 IST 2019
2019-01-08 21:31:03.207  INFO 11816 --- [http-nio-4546-exec-23] com.Elk.demo.ELKController               : Welcome to JavaInUseTue Jan 08 21:31:03 IST 2019
2019-01-08 21:31:03.474  INFO 11816 --- [http-nio-4546-exec-24] com.Elk.demo.ELKController               : Welcome to JavaInUseTue Jan 08 21:31:03 IST 2019
2019-01-08 21:31:03.633  INFO 11816 --- [http-nio-4546-exec-25] com.Elk.demo.ELKController               : Welcome to JavaInUseTue Jan 08 21:31:03 IST 2019
2019-01-08 21:31:03.928  INFO 11816 --- [http-nio-4546-exec-26] com.Elk.demo.ELKController               : Welcome to JavaInUseTue Jan 08 21:31:03 IST 2019
2019-01-08 21:31:04.173  INFO 11816 --- [http-nio-4546-exec-27] com.Elk.demo.ELKController               : Welcome to JavaInUseTue Jan 08 21:31:04 IST 2019
2019-01-08 21:31:04.409  INFO 11816 --- [http-nio-4546-exec-28] com.Elk.demo.ELKController               : Welcome to JavaInUseTue Jan 08 21:31:04 IST 2019
2019-01-08 21:31:04.652  INFO 11816 --- [http-nio-4546-exec-29] com.Elk.demo.ELKController               : Welcome to JavaInUseTue Jan 08 21:31:04 IST 2019
2019-01-08 21:31:04.869  INFO 11816 --- [http-nio-4546-exec-30] com.Elk.demo.ELKController               : Welcome to JavaInUseTue Jan 08 21:31:04 IST 2019
2019-01-08 21:31:05.174  INFO 11816 --- [http-nio-4546-exec-31] com.Elk.demo.ELKController               : Welcome to JavaInUseTue Jan 08 21:31:05 IST 2019
2019-01-08 21:31:05.312  INFO 11816 --- [http-nio-4546-exec-32] com.Elk.demo.ELKController               : Welcome to JavaInUseTue Jan 08 21:31:05 IST 2019
2019-01-08 21:31:05.459  INFO 11816 --- [http-nio-4546-exec-33] com.Elk.demo.ELKController               : Welcome to JavaInUseTue Jan 08 21:31:05 IST 2019
2019-01-08 21:31:05.715  INFO 11816 --- [http-nio-4546-exec-34] com.Elk.demo.ELKController               : Welcome to JavaInUseTue Jan 08 21:31:05 IST 2019
2019-01-08 21:31:05.974  INFO 11816 --- [http-nio-4546-exec-35] com.Elk.demo.ELKController               : Welcome to JavaInUseTue Jan 08 21:31:05 IST 2019
2019-01-08 21:31:06.086  INFO 11816 --- [http-nio-4546-exec-36] com.Elk.demo.ELKController               : Welcome to JavaInUseTue Jan 08 21:31:06 IST 2019
2019-01-08 21:31:06.264  INFO 11816 --- [http-nio-4546-exec-37] com.Elk.demo.ELKController               : Welcome to JavaInUseTue Jan 08 21:31:06 IST 2019
2019-01-08 21:31:06.408  INFO 11816 --- [http-nio-4546-exec-38] com.Elk.demo.ELKController               : Welcome to JavaInUseTue Jan 08 21:31:06 IST 2019
2019-01-08 21:31:06.766  INFO 11816 --- [http-nio-4546-exec-39] com.Elk.demo.ELKController               : Welcome to JavaInUseTue Jan 08 21:31:06 IST 2019
2019-01-08 21:31:06.902  INFO 11816 --- [http-nio-4546-exec-40] com.Elk.demo.ELKController               : Welcome to JavaInUseTue Jan 08 21:31:06 IST 2019
2019-01-08 21:31:07.069  INFO 11816 --- [http-nio-4546-exec-41] com.Elk.demo.ELKController               : Welcome to JavaInUseTue Jan 08 21:31:07 IST 2019
2019-01-08 21:31:07.252  INFO 11816 --- [http-nio-4546-exec-42] com.Elk.demo.ELKController               : Welcome to JavaInUseTue Jan 08 21:31:07 IST 2019
2019-01-08 21:31:07.622  INFO 11816 --- [http-nio-4546-exec-43] com.Elk.demo.ELKController               : Welcome to JavaInUseTue Jan 08 21:31:07 IST 2019
2019-01-08 21:31:07.761  INFO 11816 --- [http-nio-4546-exec-42] com.Elk.demo.ELKController               : Welcome to JavaInUseTue Jan 08 21:31:07 IST 2019
2019-01-08 21:31:07.926  INFO 11816 --- [http-nio-4546-exec-43] com.Elk.demo.ELKController               : Welcome to JavaInUseTue Jan 08 21:31:07 IST 2019
2019-01-08 21:31:08.263  INFO 11816 --- [http-nio-4546-exec-44] com.Elk.demo.ELKController               : Welcome to JavaInUseTue Jan 08 21:31:08 IST 2019
2019-01-08 21:31:08.424  INFO 11816 --- [http-nio-4546-exec-45] com.Elk.demo.ELKController               : Welcome to JavaInUseTue Jan 08 21:31:08 IST 2019
2019-01-08 21:31:08.609  INFO 11816 --- [http-nio-4546-exec-46] com.Elk.demo.ELKController               : Welcome to JavaInUseTue Jan 08 21:31:08 IST 2019
2019-01-08 21:31:08.806  INFO 11816 --- [http-nio-4546-exec-47] com.Elk.demo.ELKController               : Welcome to JavaInUseTue Jan 08 21:31:08 IST 2019
2019-01-08 21:31:09.071  INFO 11816 --- [http-nio-4546-exec-48] com.Elk.demo.ELKController               : Welcome to JavaInUseTue Jan 08 21:31:09 IST 2019
2019-01-08 21:31:09.252  INFO 11816 --- [http-nio-4546-exec-49] com.Elk.demo.ELKController               : Welcome to JavaInUseTue Jan 08 21:31:09 IST 2019
2019-01-08 21:31:09.391  INFO 11816 --- [http-nio-4546-exec-50] com.Elk.demo.ELKController               : Welcome to JavaInUseTue Jan 08 21:31:09 IST 2019
2019-01-08 21:31:09.546  INFO 11816 --- [http-nio-4546-exec-51] com.Elk.demo.ELKController               : Welcome to JavaInUseTue Jan 08 21:31:09 IST 2019
2019-01-08 21:31:09.711  INFO 11816 --- [http-nio-4546-exec-52] com.Elk.demo.ELKController               : Welcome to JavaInUseTue Jan 08 21:31:09 IST 2019
2019-01-08 21:31:09.852  INFO 11816 --- [http-nio-4546-exec-53] com.Elk.demo.ELKController               : Welcome to JavaInUseTue Jan 08 21:31:09 IST 2019
2019-01-08 21:31:09.997  INFO 11816 --- [http-nio-4546-exec-54] com.Elk.demo.ELKController               : Welcome to JavaInUseTue Jan 08 21:31:09 IST 2019
2019-01-08 21:31:10.180  INFO 11816 --- [http-nio-4546-exec-55] com.Elk.demo.ELKController               : Welcome to JavaInUseTue Jan 08 21:31:10 IST 2019
2019-01-08 21:31:10.322  INFO 11816 --- [http-nio-4546-exec-56] com.Elk.demo.ELKController               : Welcome to JavaInUseTue Jan 08 21:31:10 IST 2019
2019-01-08 21:31:10.457  INFO 11816 --- [http-nio-4546-exec-57] com.Elk.demo.ELKController               : Welcome to JavaInUseTue Jan 08 21:31:10 IST 2019
2019-01-08 21:31:10.754  INFO 11816 --- [http-nio-4546-exec-58] com.Elk.demo.ELKController               : Welcome to JavaInUseTue Jan 08 21:31:10 IST 2019
2019-01-08 21:31:10.900  INFO 11816 --- [http-nio-4546-exec-59] com.Elk.demo.ELKController               : Welcome to JavaInUseTue Jan 08 21:31:10 IST 2019
2019-01-08 21:31:11.065  INFO 11816 --- [http-nio-4546-exec-60] com.Elk.demo.ELKController               : Welcome to JavaInUseTue Jan 08 21:31:11 IST 2019
2019-01-08 21:31:11.214  INFO 11816 --- [http-nio-4546-exec-61] com.Elk.demo.ELKController               : Welcome to JavaInUseTue Jan 08 21:31:11 IST 2019
2019-01-08 21:31:11.992  INFO 11816 --- [http-nio-4546-exec-62] com.Elk.demo.ELKController               : Welcome to JavaInUseTue Jan 08 21:31:11 IST 2019
2019-01-08 21:31:13.805  INFO 11816 --- [http-nio-4546-exec-62] com.Elk.demo.ELKController               : Welcome to JavaInUseTue Jan 08 21:31:13 IST 2019
2019-01-08 21:31:14.053  INFO 11816 --- [http-nio-4546-exec-4] com.Elk.demo.ELKController               : Welcome to JavaInUseTue Jan 08 21:31:14 IST 2019
2019-01-08 21:31:14.168  INFO 11816 --- [http-nio-4546-exec-6] com.Elk.demo.ELKController               : Welcome to JavaInUseTue Jan 08 21:31:14 IST 2019
2019-01-08 21:31:14.400  INFO 11816 --- [http-nio-4546-exec-2] com.Elk.demo.ELKController               : Welcome to JavaInUseTue Jan 08 21:31:14 IST 2019
2019-01-08 21:31:14.572  INFO 11816 --- [http-nio-4546-exec-5] com.Elk.demo.ELKController               : Welcome to JavaInUseTue Jan 08 21:31:14 IST 2019
2019-01-08 21:31:14.745  INFO 11816 --- [http-nio-4546-exec-8] com.Elk.demo.ELKController               : Welcome to JavaInUseTue Jan 08 21:31:14 IST 2019
2019-01-08 21:31:14.939  INFO 11816 --- [http-nio-4546-exec-17] com.Elk.demo.ELKController               : Welcome to JavaInUseTue Jan 08 21:31:14 IST 2019
2019-01-08 21:31:15.103  INFO 11816 --- [http-nio-4546-exec-11] com.Elk.demo.ELKController               : Welcome to JavaInUseTue Jan 08 21:31:15 IST 2019
2019-01-08 21:31:15.276  INFO 11816 --- [http-nio-4546-exec-14] com.Elk.demo.ELKController               : Welcome to JavaInUseTue Jan 08 21:31:15 IST 2019
2019-01-08 21:31:15.436  INFO 11816 --- [http-nio-4546-exec-21] com.Elk.demo.ELKController               : Welcome to JavaInUseTue Jan 08 21:31:15 IST 2019
2019-01-08 21:31:15.648  INFO 11816 --- [http-nio-4546-exec-36] com.Elk.demo.ELKController               : Welcome to JavaInUseTue Jan 08 21:31:15 IST 2019
2019-01-08 21:31:15.756  INFO 11816 --- [http-nio-4546-exec-18] com.Elk.demo.ELKController               : Welcome to JavaInUseTue Jan 08 21:31:15 IST 2019
2019-01-08 21:31:15.936  INFO 11816 --- [http-nio-4546-exec-19] com.Elk.demo.ELKController               : Welcome to JavaInUseTue Jan 08 21:31:15 IST 2019
2019-01-08 21:31:16.065  INFO 11816 --- [http-nio-4546-exec-22] com.Elk.demo.ELKController               : Welcome to JavaInUseTue Jan 08 21:31:16 IST 2019
2019-01-08 21:31:25.373  INFO 11816 --- [http-nio-4546-exec-24] com.Elk.demo.ELKController               : Welcome to JavaInUseTue Jan 08 21:31:25 IST 2019
2019-01-08 21:31:25.670  INFO 11816 --- [http-nio-4546-exec-26] com.Elk.demo.ELKController               : Welcome to JavaInUseTue Jan 08 21:31:25 IST 2019
2019-01-08 21:32:08.578 ERROR 11816 --- [http-nio-4546-exec-41] com.Elk.demo.ELKController               : java.lang.Exception: Exception has occured....
2019-01-08 21:32:08.580 ERROR 11816 --- [http-nio-4546-exec-41] com.Elk.demo.ELKController               : Exception - java.lang.Exception: Exception has occured....
	at com.Elk.demo.ELKController.exception(ELKController.java:39)
	at sun.reflect.NativeMethodAccessorImpl.invoke0(Native Method)
	at sun.reflect.NativeMethodAccessorImpl.invoke(Unknown Source)
	at sun.reflect.DelegatingMethodAccessorImpl.invoke(Unknown Source)
	at java.lang.reflect.Method.invoke(Unknown Source)
	at org.springframework.web.method.support.InvocableHandlerMethod.doInvoke(InvocableHandlerMethod.java:205)
	at org.springframework.web.method.support.InvocableHandlerMethod.invokeForRequest(InvocableHandlerMethod.java:133)
	at org.springframework.web.servlet.mvc.method.annotation.ServletInvocableHandlerMethod.invokeAndHandle(ServletInvocableHandlerMethod.java:97)
	at org.springframework.web.servlet.mvc.method.annotation.RequestMappingHandlerAdapter.invokeHandlerMethod(RequestMappingHandlerAdapter.java:827)
	at org.springframework.web.servlet.mvc.method.annotation.RequestMappingHandlerAdapter.handleInternal(RequestMappingHandlerAdapter.java:738)
	at org.springframework.web.servlet.mvc.method.AbstractHandlerMethodAdapter.handle(AbstractHandlerMethodAdapter.java:85)
	at org.springframework.web.servlet.DispatcherServlet.doDispatch(DispatcherServlet.java:967)
	at org.springframework.web.servlet.DispatcherServlet.doService(DispatcherServlet.java:901)
	at org.springframework.web.servlet.FrameworkServlet.processRequest(FrameworkServlet.java:970)
	at org.springframework.web.servlet.FrameworkServlet.doGet(FrameworkServlet.java:861)
	at javax.servlet.http.HttpServlet.service(HttpServlet.java:635)
	at org.springframework.web.servlet.FrameworkServlet.service(FrameworkServlet.java:846)
	at javax.servlet.http.HttpServlet.service(HttpServlet.java:742)
	at org.apache.catalina.core.ApplicationFilterChain.internalDoFilter(ApplicationFilterChain.java:231)
	at org.apache.catalina.core.ApplicationFilterChain.doFilter(ApplicationFilterChain.java:166)
	at org.apache.tomcat.websocket.server.WsFilter.doFilter(WsFilter.java:52)
	at org.apache.catalina.core.ApplicationFilterChain.internalDoFilter(ApplicationFilterChain.java:193)
	at org.apache.catalina.core.ApplicationFilterChain.doFilter(ApplicationFilterChain.java:166)
	at org.springframework.web.filter.RequestContextFilter.doFilterInternal(RequestContextFilter.java:99)
	at org.springframework.web.filter.OncePerRequestFilter.doFilter(OncePerRequestFilter.java:107)
	at org.apache.catalina.core.ApplicationFilterChain.internalDoFilter(ApplicationFilterChain.java:193)
	at org.apache.catalina.core.ApplicationFilterChain.doFilter(ApplicationFilterChain.java:166)
	at org.springframework.web.filter.HttpPutFormContentFilter.doFilterInternal(HttpPutFormContentFilter.java:105)
	at org.springframework.web.filter.OncePerRequestFilter.doFilter(OncePerRequestFilter.java:107)
	at org.apache.catalina.core.ApplicationFilterChain.internalDoFilter(ApplicationFilterChain.java:193)
	at org.apache.catalina.core.ApplicationFilterChain.doFilter(ApplicationFilterChain.java:166)
	at org.springframework.web.filter.HiddenHttpMethodFilter.doFilterInternal(HiddenHttpMethodFilter.java:81)
	at org.springframework.web.filter.OncePerRequestFilter.doFilter(OncePerRequestFilter.java:107)
	at org.apache.catalina.core.ApplicationFilterChain.internalDoFilter(ApplicationFilterChain.java:193)
	at org.apache.catalina.core.ApplicationFilterChain.doFilter(ApplicationFilterChain.java:166)
	at org.springframework.web.filter.CharacterEncodingFilter.doFilterInternal(CharacterEncodingFilter.java:197)
	at org.springframework.web.filter.OncePerRequestFilter.doFilter(OncePerRequestFilter.java:107)
	at org.apache.catalina.core.ApplicationFilterChain.internalDoFilter(ApplicationFilterChain.java:193)
	at org.apache.catalina.core.ApplicationFilterChain.doFilter(ApplicationFilterChain.java:166)
	at org.apache.catalina.core.StandardWrapperValve.invoke(StandardWrapperValve.java:198)
	at org.apache.catalina.core.StandardContextValve.invoke(StandardContextValve.java:96)
	at org.apache.catalina.authenticator.AuthenticatorBase.invoke(AuthenticatorBase.java:478)
	at org.apache.catalina.core.StandardHostValve.invoke(StandardHostValve.java:140)
	at org.apache.catalina.valves.ErrorReportValve.invoke(ErrorReportValve.java:80)
	at org.apache.catalina.core.StandardEngineValve.invoke(StandardEngineValve.java:87)
	at org.apache.catalina.connector.CoyoteAdapter.service(CoyoteAdapter.java:342)
	at org.apache.coyote.http11.Http11Processor.service(Http11Processor.java:799)
	at org.apache.coyote.AbstractProcessorLight.process(AbstractProcessorLight.java:66)
	at org.apache.coyote.AbstractProtocol$ConnectionHandler.process(AbstractProtocol.java:868)
	at org.apache.tomcat.util.net.NioEndpoint$SocketProcessor.doRun(NioEndpoint.java:1455)
	at org.apache.tomcat.util.net.SocketProcessorBase.run(SocketProcessorBase.java:49)
	at java.util.concurrent.ThreadPoolExecutor.runWorker(Unknown Source)
	at java.util.concurrent.ThreadPoolExecutor$Worker.run(Unknown Source)
	at org.apache.tomcat.util.threads.TaskThread$WrappingRunnable.run(TaskThread.java:61)
	at java.lang.Thread.run(Unknown Source)

